<?xml version="1.0" encoding="UTF-8"?>
<testng-results ignored="0" total="1" passed="1" failed="0" skipped="0">
  <reporter-output>
  </reporter-output>
  <suite started-at="2025-01-22T18:11:24 IST" name="Default suite" finished-at="2025-01-22T18:11:34 IST" duration-ms="10492">
    <groups>
    </groups>
    <test started-at="2025-01-22T18:11:24 IST" name="Default test" finished-at="2025-01-22T18:11:34 IST" duration-ms="10492">
      <class name="ExtentReport.ToAddScrenshotIntoReport">
        <test-method signature="addScreenshot()[pri:0, instance:ExtentReport.ToAddScrenshotIntoReport@6b927fb]" started-at="2025-01-22T18:11:24 IST" name="addScreenshot" finished-at="2025-01-22T18:11:34 IST" duration-ms="10449" status="PASS">
          <reporter-output>
          </reporter-output>
        </test-method> <!-- addScreenshot -->
      </class> <!-- ExtentReport.ToAddScrenshotIntoReport -->
    </test> <!-- Default test -->
  </suite> <!-- Default suite -->
</testng-results>
